[debug] [2022-12-16T07:36:21.144Z] ----------------------------------------------------------------------
[debug] [2022-12-16T07:36:21.146Z] Command:       C:\Program Files\nodejs\node.exe C:\Users\Kusha\AppData\Roaming\npm\node_modules\firebase-tools\lib\bin\firebase.js init firestore
[debug] [2022-12-16T07:36:21.146Z] CLI Version:   11.18.0
[debug] [2022-12-16T07:36:21.146Z] Platform:      win32
[debug] [2022-12-16T07:36:21.146Z] Node Version:  v16.15.1
[debug] [2022-12-16T07:36:21.147Z] Time:          Fri Dec 16 2022 13:06:21 GMT+0530 (India Standard Time)
[debug] [2022-12-16T07:36:21.148Z] ----------------------------------------------------------------------
[debug] 
[debug] [2022-12-16T07:36:21.154Z] > command requires scopes: ["email","openid","https://www.googleapis.com/auth/cloudplatformprojects.readonly","https://www.googleapis.com/auth/firebase","https://www.googleapis.com/auth/cloud-platform"]
[debug] [2022-12-16T07:36:21.154Z] > authorizing via signed-in user (kushal99mondal@gmail.com)
[info] 
     ######## #### ########  ######## ########     ###     ######  ########
     ##        ##  ##     ## ##       ##     ##  ##   ##  ##       ##
     ######    ##  ########  ######   ########  #########  ######  ######
     ##        ##  ##    ##  ##       ##     ## ##     ##       ## ##
     ##       #### ##     ## ######## ########  ##     ##  ######  ########

You're about to initialize a Firebase project in this directory:

  E:\Documents\Builds\blog_app\api

[info] 
=== Project Setup
[info] 
[info] First, let's associate this project directory with a Firebase project.
[info] You can create multiple project aliases by running firebase use --add, 
[info] but for now we'll just set up a default project.
[info] 
[debug] [2022-12-16T07:36:27.661Z] > refreshing access token with scopes: []
[debug] [2022-12-16T07:36:27.663Z] >>> [apiv2][query] POST https://www.googleapis.com/oauth2/v3/token [none]
[debug] [2022-12-16T07:36:27.663Z] >>> [apiv2][body] POST https://www.googleapis.com/oauth2/v3/token [omitted]
[debug] [2022-12-16T07:36:27.999Z] <<< [apiv2][status] POST https://www.googleapis.com/oauth2/v3/token 200
[debug] [2022-12-16T07:36:27.999Z] <<< [apiv2][body] POST https://www.googleapis.com/oauth2/v3/token [omitted]
[debug] [2022-12-16T07:36:28.013Z] >>> [apiv2][query] GET https://firebase.googleapis.com/v1beta1/projects pageSize=100
[debug] [2022-12-16T07:36:28.889Z] <<< [apiv2][status] GET https://firebase.googleapis.com/v1beta1/projects 200
[debug] [2022-12-16T07:36:28.889Z] <<< [apiv2][body] GET https://firebase.googleapis.com/v1beta1/projects [omitted]
[debug] [2022-12-16T07:36:48.020Z] ----------------------------------------------------------------------
[debug] [2022-12-16T07:36:48.022Z] Command:       C:\Program Files\nodejs\node.exe C:\Users\Kusha\AppData\Roaming\npm\node_modules\firebase-tools\lib\bin\firebase.js init firestore
[debug] [2022-12-16T07:36:48.023Z] CLI Version:   11.18.0
[debug] [2022-12-16T07:36:48.023Z] Platform:      win32
[debug] [2022-12-16T07:36:48.023Z] Node Version:  v16.15.1
[debug] [2022-12-16T07:36:48.024Z] Time:          Fri Dec 16 2022 13:06:48 GMT+0530 (India Standard Time)
[debug] [2022-12-16T07:36:48.024Z] ----------------------------------------------------------------------
[debug] 
[debug] [2022-12-16T07:36:48.031Z] > command requires scopes: ["email","openid","https://www.googleapis.com/auth/cloudplatformprojects.readonly","https://www.googleapis.com/auth/firebase","https://www.googleapis.com/auth/cloud-platform"]
[debug] [2022-12-16T07:36:48.031Z] > authorizing via signed-in user (kushal99mondal@gmail.com)
[info] 
     ######## #### ########  ######## ########     ###     ######  ########
     ##        ##  ##     ## ##       ##     ##  ##   ##  ##       ##
     ######    ##  ########  ######   ########  #########  ######  ######
     ##        ##  ##    ##  ##       ##     ## ##     ##       ## ##
     ##       #### ##     ## ######## ########  ##     ##  ######  ########

You're about to initialize a Firebase project in this directory:

  E:\Documents\Builds\blog_app\api

[info] 
=== Project Setup
[info] 
[info] First, let's associate this project directory with a Firebase project.
[info] You can create multiple project aliases by running firebase use --add, 
[info] but for now we'll just set up a default project.
[info] 
[info] i  If you want to create a project in a Google Cloud organization or folder, please use "firebase projects:create" instead, and return to this command when you've created the project. 
